<?xml version="1.0" encoding="UTF-8"?>
<testsuite name="co.mobileaction.example.web.WebApplicationConfigTest" tests="1" skipped="0" failures="0" errors="0" timestamp="2023-08-18T11:23:26" hostname="DESKTOP-ORQ9DQA" time="0.03">
  <properties/>
  <testcase name="testContextLoads()" classname="co.mobileaction.example.web.WebApplicationConfigTest" time="0.03"/>
  <system-out><![CDATA[]]></system-out>
  <system-err><![CDATA[]]></system-err>
</testsuite>
