<?xml version="1.0" encoding="UTF-8"?>
<testsuite name="co.mobileaction.example.web.controller.PostControllerTests" tests="3" skipped="0" failures="0" errors="0" timestamp="2023-08-18T11:23:31" hostname="DESKTOP-ORQ9DQA" time="0.394">
  <properties/>
  <testcase name="deletePostsByUser()" classname="co.mobileaction.example.web.controller.PostControllerTests" time="0.163"/>
  <testcase name="deletePost()" classname="co.mobileaction.example.web.controller.PostControllerTests" time="0.034"/>
  <testcase name="getPosts()" classname="co.mobileaction.example.web.controller.PostControllerTests" time="0.194"/>
  <system-out><![CDATA[2023-08-18 14:23:29.508  INFO 10420 --- [    Test worker] o.s.t.c.support.AbstractContextLoader    : Could not detect default resource locations for test class [co.mobileaction.example.web.controller.PostControllerTests]: no resource found for suffixes {-context.xml, Context.groovy}.
2023-08-18 14:23:29.516  INFO 10420 --- [    Test worker] .b.t.a.w.s.WebMvcTestContextBootstrapper : Loaded default TestExecutionListener class names from location [META-INF/spring.factories]: [org.springframework.security.test.context.support.WithSecurityContextTestExecutionListener, org.springframework.security.test.context.support.ReactorContextTestExecutionListener, org.springframework.boot.test.autoconfigure.restdocs.RestDocsTestExecutionListener, org.springframework.boot.test.autoconfigure.web.client.MockRestServiceServerResetTestExecutionListener, org.springframework.boot.test.autoconfigure.web.servlet.MockMvcPrintOnlyOnFailureTestExecutionListener, org.springframework.boot.test.autoconfigure.web.servlet.WebDriverTestExecutionListener, org.springframework.boot.test.autoconfigure.webservices.client.MockWebServiceServerTestExecutionListener, org.springframework.boot.test.mock.mockito.MockitoTestExecutionListener, org.springframework.boot.test.mock.mockito.ResetMocksTestExecutionListener, org.springframework.test.context.web.ServletTestExecutionListener, org.springframework.test.context.support.DirtiesContextBeforeModesTestExecutionListener, org.springframework.test.context.event.ApplicationEventsTestExecutionListener, org.springframework.test.context.support.DependencyInjectionTestExecutionListener, org.springframework.test.context.support.DirtiesContextTestExecutionListener, org.springframework.test.context.transaction.TransactionalTestExecutionListener, org.springframework.test.context.jdbc.SqlScriptsTestExecutionListener, org.springframework.test.context.event.EventPublishingTestExecutionListener]
2023-08-18 14:23:29.517  INFO 10420 --- [    Test worker] .b.t.a.w.s.WebMvcTestContextBootstrapper : Using TestExecutionListeners: [org.springframework.test.context.web.ServletTestExecutionListener@3e8eea59, org.springframework.test.context.support.DirtiesContextBeforeModesTestExecutionListener@1fb379e4, org.springframework.test.context.event.ApplicationEventsTestExecutionListener@f9d8285, org.springframework.boot.test.mock.mockito.MockitoTestExecutionListener@67b1c3af, org.springframework.boot.test.autoconfigure.SpringBootDependencyInjectionTestExecutionListener@2e243122, org.springframework.test.context.support.DirtiesContextTestExecutionListener@2a5c115b, org.springframework.test.context.transaction.TransactionalTestExecutionListener@49b6373f, org.springframework.test.context.jdbc.SqlScriptsTestExecutionListener@20f3291d, org.springframework.security.test.context.support.WithSecurityContextTestExecutionListener@2f51b100, org.springframework.test.context.event.EventPublishingTestExecutionListener@654dbb78, org.springframework.security.test.context.support.ReactorContextTestExecutionListener@1dba7721, org.springframework.boot.test.autoconfigure.restdocs.RestDocsTestExecutionListener@24381e4a, org.springframework.boot.test.autoconfigure.web.client.MockRestServiceServerResetTestExecutionListener@6c3627c, org.springframework.boot.test.autoconfigure.web.servlet.MockMvcPrintOnlyOnFailureTestExecutionListener@e5d9fa7, org.springframework.boot.test.autoconfigure.web.servlet.WebDriverTestExecutionListener@4010f232, org.springframework.boot.test.autoconfigure.webservices.client.MockWebServiceServerTestExecutionListener@24be6e34, org.springframework.boot.test.mock.mockito.ResetMocksTestExecutionListener@39f3285d]

  .   ____          _            __ _ _
 /\\ / ___'_ __ _ _(_)_ __  __ _ \ \ \ \
( ( )\___ | '_ | '_| | '_ \/ _` | \ \ \ \
 \\/  ___)| |_)| | | | | || (_| |  ) ) ) )
  '  |____| .__|_| |_|_| |_\__, | / / / /
 =========|_|==============|___/=/_/_/_/
 :: Spring Boot ::                (v2.6.1)

2023-08-18 14:23:29.574  INFO 10420 --- [    Test worker] c.m.e.w.controller.PostControllerTests   : Starting PostControllerTests using Java 17.0.8 on DESKTOP-ORQ9DQA with PID 10420 (started by bilge in C:\Users\bilge\Desktop\Backend-MobileAction\demo-multi-module-example-dev\web)
2023-08-18 14:23:29.575  INFO 10420 --- [    Test worker] c.m.e.w.controller.PostControllerTests   : The following profiles are active: test
2023-08-18 14:23:30.908  INFO 10420 --- [    Test worker] .s.s.UserDetailsServiceAutoConfiguration : 

Using generated security password: 630917b3-1862-495e-b223-daa70794d7b4

2023-08-18 14:23:31.275  INFO 10420 --- [    Test worker] o.s.s.web.DefaultSecurityFilterChain     : Will secure any request with [org.springframework.security.web.context.request.async.WebAsyncManagerIntegrationFilter@75ad7531, org.springframework.security.web.context.SecurityContextPersistenceFilter@3bf92d96, org.springframework.security.web.header.HeaderWriterFilter@61b3de5b, org.springframework.security.web.csrf.CsrfFilter@9a00385, org.springframework.security.web.authentication.logout.LogoutFilter@6eec092, org.springframework.security.web.authentication.UsernamePasswordAuthenticationFilter@1caff0db, org.springframework.security.web.authentication.ui.DefaultLoginPageGeneratingFilter@727d937a, org.springframework.security.web.authentication.ui.DefaultLogoutPageGeneratingFilter@4d619aa0, org.springframework.security.web.authentication.www.BasicAuthenticationFilter@5a6dd1e7, org.springframework.security.web.savedrequest.RequestCacheAwareFilter@6be8e6ee, org.springframework.security.web.servletapi.SecurityContextHolderAwareRequestFilter@198fe398, org.springframework.security.web.authentication.AnonymousAuthenticationFilter@79378802, org.springframework.security.web.session.SessionManagementFilter@6e057374, org.springframework.security.web.access.ExceptionTranslationFilter@27959c4e, org.springframework.security.web.access.intercept.FilterSecurityInterceptor@62fee9c3]
2023-08-18 14:23:31.450  INFO 10420 --- [    Test worker] o.s.b.t.m.w.SpringBootMockServletContext : Initializing Spring TestDispatcherServlet ''
2023-08-18 14:23:31.450  INFO 10420 --- [    Test worker] o.s.t.web.servlet.TestDispatcherServlet  : Initializing Servlet ''
2023-08-18 14:23:31.452  INFO 10420 --- [    Test worker] o.s.t.web.servlet.TestDispatcherServlet  : Completed initialization in 1 ms
2023-08-18 14:23:31.492  INFO 10420 --- [    Test worker] c.m.e.w.controller.PostControllerTests   : Started PostControllerTests in 1.969 seconds (JVM running for 6.821)
2023-08-18 14:23:31.536  INFO 10420 --- [    Test worker] o.s.b.t.m.w.SpringBootMockServletContext : Initializing Spring TestDispatcherServlet ''
2023-08-18 14:23:31.536  INFO 10420 --- [    Test worker] o.s.t.web.servlet.TestDispatcherServlet  : Initializing Servlet ''
2023-08-18 14:23:31.538  INFO 10420 --- [    Test worker] o.s.t.web.servlet.TestDispatcherServlet  : Completed initialization in 0 ms
2023-08-18 14:23:31.677  INFO 10420 --- [    Test worker] o.s.b.t.m.w.SpringBootMockServletContext : Initializing Spring TestDispatcherServlet ''
2023-08-18 14:23:31.677  INFO 10420 --- [    Test worker] o.s.t.web.servlet.TestDispatcherServlet  : Initializing Servlet ''
2023-08-18 14:23:31.679  INFO 10420 --- [    Test worker] o.s.t.web.servlet.TestDispatcherServlet  : Completed initialization in 1 ms
2023-08-18 14:23:31.711  INFO 10420 --- [    Test worker] o.s.b.t.m.w.SpringBootMockServletContext : Initializing Spring TestDispatcherServlet ''
2023-08-18 14:23:31.711  INFO 10420 --- [    Test worker] o.s.t.web.servlet.TestDispatcherServlet  : Initializing Servlet ''
2023-08-18 14:23:31.713  INFO 10420 --- [    Test worker] o.s.t.web.servlet.TestDispatcherServlet  : Completed initialization in 1 ms
]]></system-out>
  <system-err><![CDATA[]]></system-err>
</testsuite>
