<?xml version="1.0" encoding="UTF-8"?>
<testsuite name="co.mobileaction.example.web.service.PostResultHandlerServiceTests" tests="1" skipped="0" failures="0" errors="0" timestamp="2023-08-18T11:23:32" hostname="DESKTOP-ORQ9DQA" time="0.113">
  <properties/>
  <testcase name="savePost()" classname="co.mobileaction.example.web.service.PostResultHandlerServiceTests" time="0.113"/>
  <system-out><![CDATA[]]></system-out>
  <system-err><![CDATA[]]></system-err>
</testsuite>
