<?xml version="1.0" encoding="UTF-8"?>
<testsuite name="co.mobileaction.example.web.queue.PostResultQueueHandlerTests" tests="2" skipped="0" failures="0" errors="0" timestamp="2023-08-18T11:23:31" hostname="DESKTOP-ORQ9DQA" time="0.152">
  <properties/>
  <testcase name="handleMessage_fail()" classname="co.mobileaction.example.web.queue.PostResultQueueHandlerTests" time="0.15"/>
  <testcase name="handleMessage_success()" classname="co.mobileaction.example.web.queue.PostResultQueueHandlerTests" time="0.001"/>
  <system-out><![CDATA[2023-08-18 14:23:32.054 ERROR 10420 --- [    Test worker] c.m.e.web.queue.PostResultQueueHandler   : Could not handle result for postId: null

java.lang.RuntimeException: null

]]></system-out>
  <system-err><![CDATA[]]></system-err>
</testsuite>
